<?xml version="1.0" encoding="UTF-8"?>
<testsuite xmlns:xsi="http://www.w3.org/2001/XMLSchema-instance" xsi:schemaLocation="https://maven.apache.org/surefire/maven-surefire-plugin/xsd/surefire-test-report.xsd" name="ds.RandoopTest.Randoop0" time="0.65" tests="500" errors="0" skipped="0" failures="0">
  <properties>
[...]
</properties>
  <testcase name="test0001" classname="ds.RandoopTest.Randoop0" time="0.008"/>
  <testcase name="test0002" classname="ds.RandoopTest.Randoop0" time="0"/>
  <testcase name="test0003" classname="ds.RandoopTest.Randoop0" time="0.001"/>
  <testcase name="test0004" classname="ds.RandoopTest.Randoop0" time="0.001"/>
  <testcase name="test0005" classname="ds.RandoopTest.Randoop0" time="0.001"/>
  <testcase name="test0006" classname="ds.RandoopTest.Randoop0" time="0"/>
  <testcase name="test0007" classname="ds.RandoopTest.Randoop0" time="0"/>
  <testcase name="test0008" classname="ds.RandoopTest.Randoop0" time="0.001"/>
  <testcase name="test0009" classname="ds.RandoopTest.Randoop0" time="0.005"/>
  <testcase name="test0010" classname="ds.RandoopTest.Randoop0" time="0"/>
  <testcase name="test0011" classname="ds.RandoopTest.Randoop0" time="0"/>
  <testcase name="test0012" classname="ds.RandoopTest.Randoop0" time="0"/>
  <testcase name="test0013" classname="ds.RandoopTest.Randoop0" time="0"/>
  <testcase name="test0014" classname="ds.RandoopTest.Randoop0" time="0"/>
  <testcase name="test0015" classname="ds.RandoopTest.Randoop0" time="0"/>
  <testcase name="test0016" classname="ds.RandoopTest.Randoop0" time="0"/>
  <testcase name="test0017" classname="ds.RandoopTest.Randoop0" time="0"/>
  <testcase name="test0018" classname="ds.RandoopTest.Randoop0" time="0"/>
  <testcase name="test0019" classname="ds.RandoopTest.Randoop0" time="0"/>
  <testcase name="test0020" classname="ds.RandoopTest.Randoop0" time="0"/>
  <testcase name="test0021" classname="ds.RandoopTest.Randoop0" time="0"/>
  <testcase name="test0022" classname="ds.RandoopTest.Randoop0" time="0"/>
  <testcase name="test0023" classname="ds.RandoopTest.Randoop0" time="0"/>
  <testcase name="test0024" classname="ds.RandoopTest.Randoop0" time="0"/>
  <testcase name="test0025" classname="ds.RandoopTest.Randoop0" time="0"/>
  <testcase name="test0026" classname="ds.RandoopTest.Randoop0" time="0"/>
  <testcase name="test0027" classname="ds.RandoopTest.Randoop0" time="0"/>
  <testcase name="test0028" classname="ds.RandoopTest.Randoop0" time="0"/>
  <testcase name="test0029" classname="ds.RandoopTest.Randoop0" time="0"/>
  <testcase name="test0030" classname="ds.RandoopTest.Randoop0" time="0"/>
  <testcase name="test0031" classname="ds.RandoopTest.Randoop0" time="0"/>
  <testcase name="test0032" classname="ds.RandoopTest.Randoop0" time="0"/>
  <testcase name="test0033" classname="ds.RandoopTest.Randoop0" time="0"/>
  <testcase name="test0034" classname="ds.RandoopTest.Randoop0" time="0"/>
  <testcase name="test0035" classname="ds.RandoopTest.Randoop0" time="0.001"/>
  <testcase name="test0036" classname="ds.RandoopTest.Randoop0" time="0"/>
  <testcase name="test0037" classname="ds.RandoopTest.Randoop0" time="0"/>
  <testcase name="test0038" classname="ds.RandoopTest.Randoop0" time="0"/>
  <testcase name="test0039" classname="ds.RandoopTest.Randoop0" time="0.012"/>
  <testcase name="test0040" classname="ds.RandoopTest.Randoop0" time="0"/>
  <testcase name="test0041" classname="ds.RandoopTest.Randoop0" time="0.001"/>
  <testcase name="test0042" classname="ds.RandoopTest.Randoop0" time="0"/>
  <testcase name="test0043" classname="ds.RandoopTest.Randoop0" time="0.003"/>
  <testcase name="test0044" classname="ds.RandoopTest.Randoop0" time="0"/>
  <testcase name="test0045" classname="ds.RandoopTest.Randoop0" time="0"/>
  <testcase name="test0046" classname="ds.RandoopTest.Randoop0" time="0"/>
  <testcase name="test0047" classname="ds.RandoopTest.Randoop0" time="0"/>
  <testcase name="test0048" classname="ds.RandoopTest.Randoop0" time="0.001"/>
  <testcase name="test0049" classname="ds.RandoopTest.Randoop0" time="0"/>
  <testcase name="test0050" classname="ds.RandoopTest.Randoop0" time="0"/>
  <testcase name="test0051" classname="ds.RandoopTest.Randoop0" time="0"/>
  <testcase name="test0052" classname="ds.RandoopTest.Randoop0" time="0"/>
  <testcase name="test0053" classname="ds.RandoopTest.Randoop0" time="0"/>
  <testcase name="test0054" classname="ds.RandoopTest.Randoop0" time="0.001"/>
  <testcase name="test0055" classname="ds.RandoopTest.Randoop0" time="0"/>
  <testcase name="test0056" classname="ds.RandoopTest.Randoop0" time="0"/>
  <testcase name="test0057" classname="ds.RandoopTest.Randoop0" time="0"/>
  <testcase name="test0058" classname="ds.RandoopTest.Randoop0" time="0"/>
  <testcase name="test0059" classname="ds.RandoopTest.Randoop0" time="0"/>
  <testcase name="test0060" classname="ds.RandoopTest.Randoop0" time="0"/>
  <testcase name="test0061" classname="ds.RandoopTest.Randoop0" time="0"/>
  <testcase name="test0062" classname="ds.RandoopTest.Randoop0" time="0"/>
  <testcase name="test0063" classname="ds.RandoopTest.Randoop0" time="0"/>
  <testcase name="test0064" classname="ds.RandoopTest.Randoop0" time="0"/>
  <testcase name="test0065" classname="ds.RandoopTest.Randoop0" time="0"/>
  <testcase name="test0066" classname="ds.RandoopTest.Randoop0" time="0.01"/>
  <testcase name="test0067" classname="ds.RandoopTest.Randoop0" time="0"/>
  <testcase name="test0068" classname="ds.RandoopTest.Randoop0" time="0"/>
  <testcase name="test0069" classname="ds.RandoopTest.Randoop0" time="0.001"/>
  <testcase name="test0070" classname="ds.RandoopTest.Randoop0" time="0"/>
  <testcase name="test0071" classname="ds.RandoopTest.Randoop0" time="0"/>
  <testcase name="test0072" classname="ds.RandoopTest.Randoop0" time="0"/>
  <testcase name="test0073" classname="ds.RandoopTest.Randoop0" time="0"/>
  <testcase name="test0074" classname="ds.RandoopTest.Randoop0" time="0"/>
  <testcase name="test0075" classname="ds.RandoopTest.Randoop0" time="0"/>
  <testcase name="test0076" classname="ds.RandoopTest.Randoop0" time="0"/>
  <testcase name="test0077" classname="ds.RandoopTest.Randoop0" time="0"/>
  <testcase name="test0078" classname="ds.RandoopTest.Randoop0" time="0"/>
  <testcase name="test0079" classname="ds.RandoopTest.Randoop0" time="0"/>
  <testcase name="test0080" classname="ds.RandoopTest.Randoop0" time="0"/>
  <testcase name="test0081" classname="ds.RandoopTest.Randoop0" time="0"/>
  <testcase name="test0082" classname="ds.RandoopTest.Randoop0" time="0"/>
  <testcase name="test0083" classname="ds.RandoopTest.Randoop0" time="0"/>
  <testcase name="test0084" classname="ds.RandoopTest.Randoop0" time="0"/>
  <testcase name="test0085" classname="ds.RandoopTest.Randoop0" time="0"/>
  <testcase name="test0086" classname="ds.RandoopTest.Randoop0" time="0"/>
  <testcase name="test0087" classname="ds.RandoopTest.Randoop0" time="0"/>
  <testcase name="test0088" classname="ds.RandoopTest.Randoop0" time="0"/>
  <testcase name="test0089" classname="ds.RandoopTest.Randoop0" time="0"/>
  <testcase name="test0090" classname="ds.RandoopTest.Randoop0" time="0"/>
  <testcase name="test0091" classname="ds.RandoopTest.Randoop0" time="0"/>
  <testcase name="test0092" classname="ds.RandoopTest.Randoop0" time="0"/>
  <testcase name="test0093" classname="ds.RandoopTest.Randoop0" time="0.001"/>
  <testcase name="test0094" classname="ds.RandoopTest.Randoop0" time="0"/>
  <testcase name="test0095" classname="ds.RandoopTest.Randoop0" time="0"/>
  <testcase name="test0096" classname="ds.RandoopTest.Randoop0" time="0"/>
  <testcase name="test0097" classname="ds.RandoopTest.Randoop0" time="0"/>
  <testcase name="test0098" classname="ds.RandoopTest.Randoop0" time="0.001"/>
  <testcase name="test0099" classname="ds.RandoopTest.Randoop0" time="0"/>
  <testcase name="test0100" classname="ds.RandoopTest.Randoop0" time="0"/>
  <testcase name="test0101" classname="ds.RandoopTest.Randoop0" time="0"/>
  <testcase name="test0102" classname="ds.RandoopTest.Randoop0" time="0"/>
  <testcase name="test0103" classname="ds.RandoopTest.Randoop0" time="0"/>
  <testcase name="test0104" classname="ds.RandoopTest.Randoop0" time="0"/>
  <testcase name="test0105" classname="ds.RandoopTest.Randoop0" time="0.006"/>
  <testcase name="test0106" classname="ds.RandoopTest.Randoop0" time="0"/>
  <testcase name="test0107" classname="ds.RandoopTest.Randoop0" time="0.001"/>
  <testcase name="test0108" classname="ds.RandoopTest.Randoop0" time="0"/>
  <testcase name="test0109" classname="ds.RandoopTest.Randoop0" time="0"/>
  <testcase name="test0110" classname="ds.RandoopTest.Randoop0" time="0.001"/>
  <testcase name="test0111" classname="ds.RandoopTest.Randoop0" time="0"/>
  <testcase name="test0112" classname="ds.RandoopTest.Randoop0" time="0"/>
  <testcase name="test0113" classname="ds.RandoopTest.Randoop0" time="0"/>
  <testcase name="test0114" classname="ds.RandoopTest.Randoop0" time="0"/>
  <testcase name="test0115" classname="ds.RandoopTest.Randoop0" time="0.001"/>
  <testcase name="test0116" classname="ds.RandoopTest.Randoop0" time="0"/>
  <testcase name="test0117" classname="ds.RandoopTest.Randoop0" time="0"/>
  <testcase name="test0118" classname="ds.RandoopTest.Randoop0" time="0.001"/>
  <testcase name="test0119" classname="ds.RandoopTest.Randoop0" time="0"/>
  <testcase name="test0120" classname="ds.RandoopTest.Randoop0" time="0"/>
  <testcase name="test0121" classname="ds.RandoopTest.Randoop0" time="0"/>
  <testcase name="test0122" classname="ds.RandoopTest.Randoop0" time="0"/>
  <testcase name="test0123" classname="ds.RandoopTest.Randoop0" time="0.001"/>
  <testcase name="test0124" classname="ds.RandoopTest.Randoop0" time="0"/>
  <testcase name="test0125" classname="ds.RandoopTest.Randoop0" time="0.001"/>
  <testcase name="test0126" classname="ds.RandoopTest.Randoop0" time="0"/>
  <testcase name="test0127" classname="ds.RandoopTest.Randoop0" time="0"/>
  <testcase name="test0128" classname="ds.RandoopTest.Randoop0" time="0"/>
  <testcase name="test0129" classname="ds.RandoopTest.Randoop0" time="0"/>
  <testcase name="test0130" classname="ds.RandoopTest.Randoop0" time="0.001"/>
  <testcase name="test0131" classname="ds.RandoopTest.Randoop0" time="0.001"/>
  <testcase name="test0132" classname="ds.RandoopTest.Randoop0" time="0"/>
  <testcase name="test0133" classname="ds.RandoopTest.Randoop0" time="0.015"/>
  <testcase name="test0134" classname="ds.RandoopTest.Randoop0" time="0"/>
  <testcase name="test0135" classname="ds.RandoopTest.Randoop0" time="0"/>
  <testcase name="test0136" classname="ds.RandoopTest.Randoop0" time="0"/>
  <testcase name="test0137" classname="ds.RandoopTest.Randoop0" time="0"/>
  <testcase name="test0138" classname="ds.RandoopTest.Randoop0" time="0.001"/>
  <testcase name="test0139" classname="ds.RandoopTest.Randoop0" time="0"/>
  <testcase name="test0140" classname="ds.RandoopTest.Randoop0" time="0"/>
  <testcase name="test0141" classname="ds.RandoopTest.Randoop0" time="0"/>
  <testcase name="test0142" classname="ds.RandoopTest.Randoop0" time="0"/>
  <testcase name="test0143" classname="ds.RandoopTest.Randoop0" time="0"/>
  <testcase name="test0144" classname="ds.RandoopTest.Randoop0" time="0"/>
  <testcase name="test0145" classname="ds.RandoopTest.Randoop0" time="0"/>
  <testcase name="test0146" classname="ds.RandoopTest.Randoop0" time="0.001"/>
  <testcase name="test0147" classname="ds.RandoopTest.Randoop0" time="0"/>
  <testcase name="test0148" classname="ds.RandoopTest.Randoop0" time="0"/>
  <testcase name="test0149" classname="ds.RandoopTest.Randoop0" time="0"/>
  <testcase name="test0150" classname="ds.RandoopTest.Randoop0" time="0"/>
  <testcase name="test0151" classname="ds.RandoopTest.Randoop0" time="0"/>
  <testcase name="test0152" classname="ds.RandoopTest.Randoop0" time="0"/>
  <testcase name="test0153" classname="ds.RandoopTest.Randoop0" time="0"/>
  <testcase name="test0154" classname="ds.RandoopTest.Randoop0" time="0"/>
  <testcase name="test0155" classname="ds.RandoopTest.Randoop0" time="0"/>
  <testcase name="test0156" classname="ds.RandoopTest.Randoop0" time="0"/>
  <testcase name="test0157" classname="ds.RandoopTest.Randoop0" time="0"/>
  <testcase name="test0158" classname="ds.RandoopTest.Randoop0" time="0"/>
  <testcase name="test0159" classname="ds.RandoopTest.Randoop0" time="0"/>
  <testcase name="test0160" classname="ds.RandoopTest.Randoop0" time="0"/>
  <testcase name="test0161" classname="ds.RandoopTest.Randoop0" time="0"/>
  <testcase name="test0162" classname="ds.RandoopTest.Randoop0" time="0"/>
  <testcase name="test0163" classname="ds.RandoopTest.Randoop0" time="0.001"/>
  <testcase name="test0164" classname="ds.RandoopTest.Randoop0" time="0"/>
  <testcase name="test0165" classname="ds.RandoopTest.Randoop0" time="0"/>
  <testcase name="test0166" classname="ds.RandoopTest.Randoop0" time="0"/>
  <testcase name="test0167" classname="ds.RandoopTest.Randoop0" time="0"/>
  <testcase name="test0168" classname="ds.RandoopTest.Randoop0" time="0.001"/>
  <testcase name="test0169" classname="ds.RandoopTest.Randoop0" time="0"/>
  <testcase name="test0170" classname="ds.RandoopTest.Randoop0" time="0"/>
  <testcase name="test0171" classname="ds.RandoopTest.Randoop0" time="0"/>
  <testcase name="test0172" classname="ds.RandoopTest.Randoop0" time="0.002"/>
  <testcase name="test0173" classname="ds.RandoopTest.Randoop0" time="0"/>
  <testcase name="test0174" classname="ds.RandoopTest.Randoop0" time="0"/>
  <testcase name="test0175" classname="ds.RandoopTest.Randoop0" time="0"/>
  <testcase name="test0176" classname="ds.RandoopTest.Randoop0" time="0"/>
  <testcase name="test0177" classname="ds.RandoopTest.Randoop0" time="0"/>
  <testcase name="test0178" classname="ds.RandoopTest.Randoop0" time="0"/>
  <testcase name="test0179" classname="ds.RandoopTest.Randoop0" time="0"/>
  <testcase name="test0180" classname="ds.RandoopTest.Randoop0" time="0"/>
  <testcase name="test0181" classname="ds.RandoopTest.Randoop0" time="0"/>
  <testcase name="test0182" classname="ds.RandoopTest.Randoop0" time="0"/>
  <testcase name="test0183" classname="ds.RandoopTest.Randoop0" time="0"/>
  <testcase name="test0184" classname="ds.RandoopTest.Randoop0" time="0"/>
  <testcase name="test0185" classname="ds.RandoopTest.Randoop0" time="0.001"/>
  <testcase name="test0186" classname="ds.RandoopTest.Randoop0" time="0"/>
  <testcase name="test0187" classname="ds.RandoopTest.Randoop0" time="0"/>
  <testcase name="test0188" classname="ds.RandoopTest.Randoop0" time="0"/>
  <testcase name="test0189" classname="ds.RandoopTest.Randoop0" time="0"/>
  <testcase name="test0190" classname="ds.RandoopTest.Randoop0" time="0"/>
  <testcase name="test0191" classname="ds.RandoopTest.Randoop0" time="0"/>
  <testcase name="test0192" classname="ds.RandoopTest.Randoop0" time="0"/>
  <testcase name="test0193" classname="ds.RandoopTest.Randoop0" time="0"/>
  <testcase name="test0194" classname="ds.RandoopTest.Randoop0" time="0"/>
  <testcase name="test0195" classname="ds.RandoopTest.Randoop0" time="0"/>
  <testcase name="test0196" classname="ds.RandoopTest.Randoop0" time="0"/>
  <testcase name="test0197" classname="ds.RandoopTest.Randoop0" time="0"/>
  <testcase name="test0198" classname="ds.RandoopTest.Randoop0" time="0"/>
  <testcase name="test0199" classname="ds.RandoopTest.Randoop0" time="0"/>
  <testcase name="test0200" classname="ds.RandoopTest.Randoop0" time="0"/>
  <testcase name="test0201" classname="ds.RandoopTest.Randoop0" time="0"/>
  <testcase name="test0202" classname="ds.RandoopTest.Randoop0" time="0"/>
  <testcase name="test0203" classname="ds.RandoopTest.Randoop0" time="0"/>
  <testcase name="test0204" classname="ds.RandoopTest.Randoop0" time="0"/>
  <testcase name="test0205" classname="ds.RandoopTest.Randoop0" time="0"/>
  <testcase name="test0206" classname="ds.RandoopTest.Randoop0" time="0"/>
  <testcase name="test0207" classname="ds.RandoopTest.Randoop0" time="0"/>
  <testcase name="test0208" classname="ds.RandoopTest.Randoop0" time="0"/>
  <testcase name="test0209" classname="ds.RandoopTest.Randoop0" time="0"/>
  <testcase name="test0210" classname="ds.RandoopTest.Randoop0" time="0"/>
  <testcase name="test0211" classname="ds.RandoopTest.Randoop0" time="0"/>
  <testcase name="test0212" classname="ds.RandoopTest.Randoop0" time="0.001"/>
  <testcase name="test0213" classname="ds.RandoopTest.Randoop0" time="0"/>
  <testcase name="test0214" classname="ds.RandoopTest.Randoop0" time="0"/>
  <testcase name="test0215" classname="ds.RandoopTest.Randoop0" time="0"/>
  <testcase name="test0216" classname="ds.RandoopTest.Randoop0" time="0"/>
  <testcase name="test0217" classname="ds.RandoopTest.Randoop0" time="0"/>
  <testcase name="test0218" classname="ds.RandoopTest.Randoop0" time="0"/>
  <testcase name="test0219" classname="ds.RandoopTest.Randoop0" time="0"/>
  <testcase name="test0220" classname="ds.RandoopTest.Randoop0" time="0"/>
  <testcase name="test0221" classname="ds.RandoopTest.Randoop0" time="0"/>
  <testcase name="test0222" classname="ds.RandoopTest.Randoop0" time="0"/>
  <testcase name="test0223" classname="ds.RandoopTest.Randoop0" time="0"/>
  <testcase name="test0224" classname="ds.RandoopTest.Randoop0" time="0"/>
  <testcase name="test0225" classname="ds.RandoopTest.Randoop0" time="0"/>
  <testcase name="test0226" classname="ds.RandoopTest.Randoop0" time="0.001"/>
  <testcase name="test0227" classname="ds.RandoopTest.Randoop0" time="0"/>
  <testcase name="test0228" classname="ds.RandoopTest.Randoop0" time="0"/>
  <testcase name="test0229" classname="ds.RandoopTest.Randoop0" time="0"/>
  <testcase name="test0230" classname="ds.RandoopTest.Randoop0" time="0"/>
  <testcase name="test0231" classname="ds.RandoopTest.Randoop0" time="0"/>
  <testcase name="test0232" classname="ds.RandoopTest.Randoop0" time="0"/>
  <testcase name="test0233" classname="ds.RandoopTest.Randoop0" time="0"/>
  <testcase name="test0234" classname="ds.RandoopTest.Randoop0" time="0"/>
  <testcase name="test0235" classname="ds.RandoopTest.Randoop0" time="0"/>
  <testcase name="test0236" classname="ds.RandoopTest.Randoop0" time="0.001"/>
  <testcase name="test0237" classname="ds.RandoopTest.Randoop0" time="0"/>
  <testcase name="test0238" classname="ds.RandoopTest.Randoop0" time="0"/>
  <testcase name="test0239" classname="ds.RandoopTest.Randoop0" time="0"/>
  <testcase name="test0240" classname="ds.RandoopTest.Randoop0" time="0"/>
  <testcase name="test0241" classname="ds.RandoopTest.Randoop0" time="0"/>
  <testcase name="test0242" classname="ds.RandoopTest.Randoop0" time="0.001"/>
  <testcase name="test0243" classname="ds.RandoopTest.Randoop0" time="0"/>
  <testcase name="test0244" classname="ds.RandoopTest.Randoop0" time="0"/>
  <testcase name="test0245" classname="ds.RandoopTest.Randoop0" time="0.001"/>
  <testcase name="test0246" classname="ds.RandoopTest.Randoop0" time="0"/>
  <testcase name="test0247" classname="ds.RandoopTest.Randoop0" time="0"/>
  <testcase name="test0248" classname="ds.RandoopTest.Randoop0" time="0"/>
  <testcase name="test0249" classname="ds.RandoopTest.Randoop0" time="0.011"/>
  <testcase name="test0250" classname="ds.RandoopTest.Randoop0" time="0.001"/>
  <testcase name="test0251" classname="ds.RandoopTest.Randoop0" time="0"/>
  <testcase name="test0252" classname="ds.RandoopTest.Randoop0" time="0"/>
  <testcase name="test0253" classname="ds.RandoopTest.Randoop0" time="0"/>
  <testcase name="test0254" classname="ds.RandoopTest.Randoop0" time="0"/>
  <testcase name="test0255" classname="ds.RandoopTest.Randoop0" time="0"/>
  <testcase name="test0256" classname="ds.RandoopTest.Randoop0" time="0.001"/>
  <testcase name="test0257" classname="ds.RandoopTest.Randoop0" time="0"/>
  <testcase name="test0258" classname="ds.RandoopTest.Randoop0" time="0"/>
  <testcase name="test0259" classname="ds.RandoopTest.Randoop0" time="0"/>
  <testcase name="test0260" classname="ds.RandoopTest.Randoop0" time="0"/>
  <testcase name="test0261" classname="ds.RandoopTest.Randoop0" time="0"/>
  <testcase name="test0262" classname="ds.RandoopTest.Randoop0" time="0"/>
  <testcase name="test0263" classname="ds.RandoopTest.Randoop0" time="0"/>
  <testcase name="test0264" classname="ds.RandoopTest.Randoop0" time="0"/>
  <testcase name="test0265" classname="ds.RandoopTest.Randoop0" time="0"/>
  <testcase name="test0266" classname="ds.RandoopTest.Randoop0" time="0"/>
  <testcase name="test0267" classname="ds.RandoopTest.Randoop0" time="0"/>
  <testcase name="test0268" classname="ds.RandoopTest.Randoop0" time="0"/>
  <testcase name="test0269" classname="ds.RandoopTest.Randoop0" time="0"/>
  <testcase name="test0270" classname="ds.RandoopTest.Randoop0" time="0"/>
  <testcase name="test0271" classname="ds.RandoopTest.Randoop0" time="0"/>
  <testcase name="test0272" classname="ds.RandoopTest.Randoop0" time="0"/>
  <testcase name="test0273" classname="ds.RandoopTest.Randoop0" time="0"/>
  <testcase name="test0274" classname="ds.RandoopTest.Randoop0" time="0"/>
  <testcase name="test0275" classname="ds.RandoopTest.Randoop0" time="0"/>
  <testcase name="test0276" classname="ds.RandoopTest.Randoop0" time="0"/>
  <testcase name="test0277" classname="ds.RandoopTest.Randoop0" time="0"/>
  <testcase name="test0278" classname="ds.RandoopTest.Randoop0" time="0"/>
  <testcase name="test0279" classname="ds.RandoopTest.Randoop0" time="0"/>
  <testcase name="test0280" classname="ds.RandoopTest.Randoop0" time="0"/>
  <testcase name="test0281" classname="ds.RandoopTest.Randoop0" time="0"/>
  <testcase name="test0282" classname="ds.RandoopTest.Randoop0" time="0"/>
  <testcase name="test0283" classname="ds.RandoopTest.Randoop0" time="0"/>
  <testcase name="test0284" classname="ds.RandoopTest.Randoop0" time="0"/>
  <testcase name="test0285" classname="ds.RandoopTest.Randoop0" time="0"/>
  <testcase name="test0286" classname="ds.RandoopTest.Randoop0" time="0"/>
  <testcase name="test0287" classname="ds.RandoopTest.Randoop0" time="0"/>
  <testcase name="test0288" classname="ds.RandoopTest.Randoop0" time="0"/>
  <testcase name="test0289" classname="ds.RandoopTest.Randoop0" time="0"/>
  <testcase name="test0290" classname="ds.RandoopTest.Randoop0" time="0"/>
  <testcase name="test0291" classname="ds.RandoopTest.Randoop0" time="0"/>
  <testcase name="test0292" classname="ds.RandoopTest.Randoop0" time="0"/>
  <testcase name="test0293" classname="ds.RandoopTest.Randoop0" time="0"/>
  <testcase name="test0294" classname="ds.RandoopTest.Randoop0" time="0"/>
  <testcase name="test0295" classname="ds.RandoopTest.Randoop0" time="0"/>
  <testcase name="test0296" classname="ds.RandoopTest.Randoop0" time="0"/>
  <testcase name="test0297" classname="ds.RandoopTest.Randoop0" time="0"/>
  <testcase name="test0298" classname="ds.RandoopTest.Randoop0" time="0"/>
  <testcase name="test0299" classname="ds.RandoopTest.Randoop0" time="0"/>
  <testcase name="test0300" classname="ds.RandoopTest.Randoop0" time="0"/>
  <testcase name="test0301" classname="ds.RandoopTest.Randoop0" time="0"/>
  <testcase name="test0302" classname="ds.RandoopTest.Randoop0" time="0"/>
  <testcase name="test0303" classname="ds.RandoopTest.Randoop0" time="0"/>
  <testcase name="test0304" classname="ds.RandoopTest.Randoop0" time="0"/>
  <testcase name="test0305" classname="ds.RandoopTest.Randoop0" time="0"/>
  <testcase name="test0306" classname="ds.RandoopTest.Randoop0" time="0"/>
  <testcase name="test0307" classname="ds.RandoopTest.Randoop0" time="0"/>
  <testcase name="test0308" classname="ds.RandoopTest.Randoop0" time="0"/>
  <testcase name="test0309" classname="ds.RandoopTest.Randoop0" time="0"/>
  <testcase name="test0310" classname="ds.RandoopTest.Randoop0" time="0"/>
  <testcase name="test0311" classname="ds.RandoopTest.Randoop0" time="0"/>
  <testcase name="test0312" classname="ds.RandoopTest.Randoop0" time="0"/>
  <testcase name="test0313" classname="ds.RandoopTest.Randoop0" time="0"/>
  <testcase name="test0314" classname="ds.RandoopTest.Randoop0" time="0"/>
  <testcase name="test0315" classname="ds.RandoopTest.Randoop0" time="0"/>
  <testcase name="test0316" classname="ds.RandoopTest.Randoop0" time="0"/>
  <testcase name="test0317" classname="ds.RandoopTest.Randoop0" time="0"/>
  <testcase name="test0318" classname="ds.RandoopTest.Randoop0" time="0"/>
  <testcase name="test0319" classname="ds.RandoopTest.Randoop0" time="0"/>
  <testcase name="test0320" classname="ds.RandoopTest.Randoop0" time="0"/>
  <testcase name="test0321" classname="ds.RandoopTest.Randoop0" time="0.001"/>
  <testcase name="test0322" classname="ds.RandoopTest.Randoop0" time="0"/>
  <testcase name="test0323" classname="ds.RandoopTest.Randoop0" time="0"/>
  <testcase name="test0324" classname="ds.RandoopTest.Randoop0" time="0"/>
  <testcase name="test0325" classname="ds.RandoopTest.Randoop0" time="0"/>
  <testcase name="test0326" classname="ds.RandoopTest.Randoop0" time="0"/>
  <testcase name="test0327" classname="ds.RandoopTest.Randoop0" time="0"/>
  <testcase name="test0328" classname="ds.RandoopTest.Randoop0" time="0"/>
  <testcase name="test0329" classname="ds.RandoopTest.Randoop0" time="0"/>
  <testcase name="test0330" classname="ds.RandoopTest.Randoop0" time="0"/>
  <testcase name="test0331" classname="ds.RandoopTest.Randoop0" time="0"/>
  <testcase name="test0332" classname="ds.RandoopTest.Randoop0" time="0"/>
  <testcase name="test0333" classname="ds.RandoopTest.Randoop0" time="0"/>
  <testcase name="test0334" classname="ds.RandoopTest.Randoop0" time="0"/>
  <testcase name="test0335" classname="ds.RandoopTest.Randoop0" time="0"/>
  <testcase name="test0336" classname="ds.RandoopTest.Randoop0" time="0"/>
  <testcase name="test0337" classname="ds.RandoopTest.Randoop0" time="0"/>
  <testcase name="test0338" classname="ds.RandoopTest.Randoop0" time="0"/>
  <testcase name="test0339" classname="ds.RandoopTest.Randoop0" time="0"/>
  <testcase name="test0340" classname="ds.RandoopTest.Randoop0" time="0"/>
  <testcase name="test0341" classname="ds.RandoopTest.Randoop0" time="0"/>
  <testcase name="test0342" classname="ds.RandoopTest.Randoop0" time="0"/>
  <testcase name="test0343" classname="ds.RandoopTest.Randoop0" time="0"/>
  <testcase name="test0344" classname="ds.RandoopTest.Randoop0" time="0"/>
  <testcase name="test0345" classname="ds.RandoopTest.Randoop0" time="0"/>
  <testcase name="test0346" classname="ds.RandoopTest.Randoop0" time="0"/>
  <testcase name="test0347" classname="ds.RandoopTest.Randoop0" time="0"/>
  <testcase name="test0348" classname="ds.RandoopTest.Randoop0" time="0"/>
  <testcase name="test0349" classname="ds.RandoopTest.Randoop0" time="0"/>
  <testcase name="test0350" classname="ds.RandoopTest.Randoop0" time="0"/>
  <testcase name="test0351" classname="ds.RandoopTest.Randoop0" time="0"/>
  <testcase name="test0352" classname="ds.RandoopTest.Randoop0" time="0"/>
  <testcase name="test0353" classname="ds.RandoopTest.Randoop0" time="0"/>
  <testcase name="test0354" classname="ds.RandoopTest.Randoop0" time="0"/>
  <testcase name="test0355" classname="ds.RandoopTest.Randoop0" time="0"/>
  <testcase name="test0356" classname="ds.RandoopTest.Randoop0" time="0"/>
  <testcase name="test0357" classname="ds.RandoopTest.Randoop0" time="0"/>
  <testcase name="test0358" classname="ds.RandoopTest.Randoop0" time="0"/>
  <testcase name="test0359" classname="ds.RandoopTest.Randoop0" time="0"/>
  <testcase name="test0360" classname="ds.RandoopTest.Randoop0" time="0"/>
  <testcase name="test0361" classname="ds.RandoopTest.Randoop0" time="0"/>
  <testcase name="test0362" classname="ds.RandoopTest.Randoop0" time="0"/>
  <testcase name="test0363" classname="ds.RandoopTest.Randoop0" time="0"/>
  <testcase name="test0364" classname="ds.RandoopTest.Randoop0" time="0"/>
  <testcase name="test0365" classname="ds.RandoopTest.Randoop0" time="0"/>
  <testcase name="test0366" classname="ds.RandoopTest.Randoop0" time="0"/>
  <testcase name="test0367" classname="ds.RandoopTest.Randoop0" time="0"/>
  <testcase name="test0368" classname="ds.RandoopTest.Randoop0" time="0"/>
  <testcase name="test0369" classname="ds.RandoopTest.Randoop0" time="0"/>
  <testcase name="test0370" classname="ds.RandoopTest.Randoop0" time="0"/>
  <testcase name="test0371" classname="ds.RandoopTest.Randoop0" time="0"/>
  <testcase name="test0372" classname="ds.RandoopTest.Randoop0" time="0"/>
  <testcase name="test0373" classname="ds.RandoopTest.Randoop0" time="0"/>
  <testcase name="test0374" classname="ds.RandoopTest.Randoop0" time="0"/>
  <testcase name="test0375" classname="ds.RandoopTest.Randoop0" time="0"/>
  <testcase name="test0376" classname="ds.RandoopTest.Randoop0" time="0"/>
  <testcase name="test0377" classname="ds.RandoopTest.Randoop0" time="0"/>
  <testcase name="test0378" classname="ds.RandoopTest.Randoop0" time="0"/>
  <testcase name="test0379" classname="ds.RandoopTest.Randoop0" time="0"/>
  <testcase name="test0380" classname="ds.RandoopTest.Randoop0" time="0"/>
  <testcase name="test0381" classname="ds.RandoopTest.Randoop0" time="0"/>
  <testcase name="test0382" classname="ds.RandoopTest.Randoop0" time="0"/>
  <testcase name="test0383" classname="ds.RandoopTest.Randoop0" time="0"/>
  <testcase name="test0384" classname="ds.RandoopTest.Randoop0" time="0"/>
  <testcase name="test0385" classname="ds.RandoopTest.Randoop0" time="0"/>
  <testcase name="test0386" classname="ds.RandoopTest.Randoop0" time="0"/>
  <testcase name="test0387" classname="ds.RandoopTest.Randoop0" time="0"/>
  <testcase name="test0388" classname="ds.RandoopTest.Randoop0" time="0"/>
  <testcase name="test0389" classname="ds.RandoopTest.Randoop0" time="0"/>
  <testcase name="test0390" classname="ds.RandoopTest.Randoop0" time="0"/>
  <testcase name="test0391" classname="ds.RandoopTest.Randoop0" time="0"/>
  <testcase name="test0392" classname="ds.RandoopTest.Randoop0" time="0"/>
  <testcase name="test0393" classname="ds.RandoopTest.Randoop0" time="0"/>
  <testcase name="test0394" classname="ds.RandoopTest.Randoop0" time="0"/>
  <testcase name="test0395" classname="ds.RandoopTest.Randoop0" time="0"/>
  <testcase name="test0396" classname="ds.RandoopTest.Randoop0" time="0.001"/>
  <testcase name="test0397" classname="ds.RandoopTest.Randoop0" time="0"/>
  <testcase name="test0398" classname="ds.RandoopTest.Randoop0" time="0"/>
  <testcase name="test0399" classname="ds.RandoopTest.Randoop0" time="0"/>
  <testcase name="test0400" classname="ds.RandoopTest.Randoop0" time="0"/>
  <testcase name="test0401" classname="ds.RandoopTest.Randoop0" time="0"/>
  <testcase name="test0402" classname="ds.RandoopTest.Randoop0" time="0"/>
  <testcase name="test0403" classname="ds.RandoopTest.Randoop0" time="0"/>
  <testcase name="test0404" classname="ds.RandoopTest.Randoop0" time="0"/>
  <testcase name="test0405" classname="ds.RandoopTest.Randoop0" time="0"/>
  <testcase name="test0406" classname="ds.RandoopTest.Randoop0" time="0"/>
  <testcase name="test0407" classname="ds.RandoopTest.Randoop0" time="0"/>
  <testcase name="test0408" classname="ds.RandoopTest.Randoop0" time="0"/>
  <testcase name="test0409" classname="ds.RandoopTest.Randoop0" time="0"/>
  <testcase name="test0410" classname="ds.RandoopTest.Randoop0" time="0"/>
  <testcase name="test0411" classname="ds.RandoopTest.Randoop0" time="0"/>
  <testcase name="test0412" classname="ds.RandoopTest.Randoop0" time="0"/>
  <testcase name="test0413" classname="ds.RandoopTest.Randoop0" time="0"/>
  <testcase name="test0414" classname="ds.RandoopTest.Randoop0" time="0"/>
  <testcase name="test0415" classname="ds.RandoopTest.Randoop0" time="0"/>
  <testcase name="test0416" classname="ds.RandoopTest.Randoop0" time="0"/>
  <testcase name="test0417" classname="ds.RandoopTest.Randoop0" time="0"/>
  <testcase name="test0418" classname="ds.RandoopTest.Randoop0" time="0"/>
  <testcase name="test0419" classname="ds.RandoopTest.Randoop0" time="0"/>
  <testcase name="test0420" classname="ds.RandoopTest.Randoop0" time="0"/>
  <testcase name="test0421" classname="ds.RandoopTest.Randoop0" time="0"/>
  <testcase name="test0422" classname="ds.RandoopTest.Randoop0" time="0"/>
  <testcase name="test0423" classname="ds.RandoopTest.Randoop0" time="0"/>
  <testcase name="test0424" classname="ds.RandoopTest.Randoop0" time="0"/>
  <testcase name="test0425" classname="ds.RandoopTest.Randoop0" time="0"/>
  <testcase name="test0426" classname="ds.RandoopTest.Randoop0" time="0"/>
  <testcase name="test0427" classname="ds.RandoopTest.Randoop0" time="0"/>
  <testcase name="test0428" classname="ds.RandoopTest.Randoop0" time="0"/>
  <testcase name="test0429" classname="ds.RandoopTest.Randoop0" time="0"/>
  <testcase name="test0430" classname="ds.RandoopTest.Randoop0" time="0"/>
  <testcase name="test0431" classname="ds.RandoopTest.Randoop0" time="0"/>
  <testcase name="test0432" classname="ds.RandoopTest.Randoop0" time="0"/>
  <testcase name="test0433" classname="ds.RandoopTest.Randoop0" time="0"/>
  <testcase name="test0434" classname="ds.RandoopTest.Randoop0" time="0"/>
  <testcase name="test0435" classname="ds.RandoopTest.Randoop0" time="0"/>
  <testcase name="test0436" classname="ds.RandoopTest.Randoop0" time="0"/>
  <testcase name="test0437" classname="ds.RandoopTest.Randoop0" time="0"/>
  <testcase name="test0438" classname="ds.RandoopTest.Randoop0" time="0"/>
  <testcase name="test0439" classname="ds.RandoopTest.Randoop0" time="0"/>
  <testcase name="test0440" classname="ds.RandoopTest.Randoop0" time="0"/>
  <testcase name="test0441" classname="ds.RandoopTest.Randoop0" time="0"/>
  <testcase name="test0442" classname="ds.RandoopTest.Randoop0" time="0"/>
  <testcase name="test0443" classname="ds.RandoopTest.Randoop0" time="0"/>
  <testcase name="test0444" classname="ds.RandoopTest.Randoop0" time="0"/>
  <testcase name="test0445" classname="ds.RandoopTest.Randoop0" time="0"/>
  <testcase name="test0446" classname="ds.RandoopTest.Randoop0" time="0"/>
  <testcase name="test0447" classname="ds.RandoopTest.Randoop0" time="0"/>
  <testcase name="test0448" classname="ds.RandoopTest.Randoop0" time="0"/>
  <testcase name="test0449" classname="ds.RandoopTest.Randoop0" time="0"/>
  <testcase name="test0450" classname="ds.RandoopTest.Randoop0" time="0"/>
  <testcase name="test0451" classname="ds.RandoopTest.Randoop0" time="0"/>
  <testcase name="test0452" classname="ds.RandoopTest.Randoop0" time="0"/>
  <testcase name="test0453" classname="ds.RandoopTest.Randoop0" time="0.001"/>
  <testcase name="test0454" classname="ds.RandoopTest.Randoop0" time="0"/>
  <testcase name="test0455" classname="ds.RandoopTest.Randoop0" time="0"/>
  <testcase name="test0456" classname="ds.RandoopTest.Randoop0" time="0"/>
  <testcase name="test0457" classname="ds.RandoopTest.Randoop0" time="0"/>
  <testcase name="test0458" classname="ds.RandoopTest.Randoop0" time="0"/>
  <testcase name="test0459" classname="ds.RandoopTest.Randoop0" time="0"/>
  <testcase name="test0460" classname="ds.RandoopTest.Randoop0" time="0"/>
  <testcase name="test0461" classname="ds.RandoopTest.Randoop0" time="0"/>
  <testcase name="test0462" classname="ds.RandoopTest.Randoop0" time="0"/>
  <testcase name="test0463" classname="ds.RandoopTest.Randoop0" time="0"/>
  <testcase name="test0464" classname="ds.RandoopTest.Randoop0" time="0"/>
  <testcase name="test0465" classname="ds.RandoopTest.Randoop0" time="0"/>
  <testcase name="test0466" classname="ds.RandoopTest.Randoop0" time="0"/>
  <testcase name="test0467" classname="ds.RandoopTest.Randoop0" time="0"/>
  <testcase name="test0468" classname="ds.RandoopTest.Randoop0" time="0"/>
  <testcase name="test0469" classname="ds.RandoopTest.Randoop0" time="0"/>
  <testcase name="test0470" classname="ds.RandoopTest.Randoop0" time="0"/>
  <testcase name="test0471" classname="ds.RandoopTest.Randoop0" time="0"/>
  <testcase name="test0472" classname="ds.RandoopTest.Randoop0" time="0"/>
  <testcase name="test0473" classname="ds.RandoopTest.Randoop0" time="0"/>
  <testcase name="test0474" classname="ds.RandoopTest.Randoop0" time="0"/>
  <testcase name="test0475" classname="ds.RandoopTest.Randoop0" time="0"/>
  <testcase name="test0476" classname="ds.RandoopTest.Randoop0" time="0"/>
  <testcase name="test0477" classname="ds.RandoopTest.Randoop0" time="0"/>
  <testcase name="test0478" classname="ds.RandoopTest.Randoop0" time="0"/>
  <testcase name="test0479" classname="ds.RandoopTest.Randoop0" time="0"/>
  <testcase name="test0480" classname="ds.RandoopTest.Randoop0" time="0"/>
  <testcase name="test0481" classname="ds.RandoopTest.Randoop0" time="0"/>
  <testcase name="test0482" classname="ds.RandoopTest.Randoop0" time="0"/>
  <testcase name="test0483" classname="ds.RandoopTest.Randoop0" time="0"/>
  <testcase name="test0484" classname="ds.RandoopTest.Randoop0" time="0"/>
  <testcase name="test0485" classname="ds.RandoopTest.Randoop0" time="0"/>
  <testcase name="test0486" classname="ds.RandoopTest.Randoop0" time="0"/>
  <testcase name="test0487" classname="ds.RandoopTest.Randoop0" time="0"/>
  <testcase name="test0488" classname="ds.RandoopTest.Randoop0" time="0"/>
  <testcase name="test0489" classname="ds.RandoopTest.Randoop0" time="0"/>
  <testcase name="test0490" classname="ds.RandoopTest.Randoop0" time="0"/>
  <testcase name="test0491" classname="ds.RandoopTest.Randoop0" time="0"/>
  <testcase name="test0492" classname="ds.RandoopTest.Randoop0" time="0"/>
  <testcase name="test0493" classname="ds.RandoopTest.Randoop0" time="0"/>
  <testcase name="test0494" classname="ds.RandoopTest.Randoop0" time="0"/>
  <testcase name="test0495" classname="ds.RandoopTest.Randoop0" time="0"/>
  <testcase name="test0496" classname="ds.RandoopTest.Randoop0" time="0"/>
  <testcase name="test0497" classname="ds.RandoopTest.Randoop0" time="0"/>
  <testcase name="test0498" classname="ds.RandoopTest.Randoop0" time="0"/>
  <testcase name="test0499" classname="ds.RandoopTest.Randoop0" time="0"/>
  <testcase name="test0500" classname="ds.RandoopTest.Randoop0" time="0"/>
</testsuite>