<?xml version="1.0" encoding="UTF-8"?>
<testsuite xmlns:xsi="http://www.w3.org/2001/XMLSchema-instance" xsi:schemaLocation="https://maven.apache.org/surefire/maven-surefire-plugin/xsd/surefire-test-report.xsd" name="ds.RandoopTest.Randoop0" time="0.47" tests="60" errors="0" skipped="0" failures="0">
  <properties>
[...]
</properties>
  <testcase name="test01" classname="ds.RandoopTest.Randoop0" time="0.02"/>
  <testcase name="test02" classname="ds.RandoopTest.Randoop0" time="0.004"/>
  <testcase name="test03" classname="ds.RandoopTest.Randoop0" time="0.001"/>
  <testcase name="test04" classname="ds.RandoopTest.Randoop0" time="0.001"/>
  <testcase name="test05" classname="ds.RandoopTest.Randoop0" time="0.001"/>
  <testcase name="test06" classname="ds.RandoopTest.Randoop0" time="0.003"/>
  <testcase name="test07" classname="ds.RandoopTest.Randoop0" time="0.001"/>
  <testcase name="test08" classname="ds.RandoopTest.Randoop0" time="0.001"/>
  <testcase name="test09" classname="ds.RandoopTest.Randoop0" time="0.002"/>
  <testcase name="test10" classname="ds.RandoopTest.Randoop0" time="0.001"/>
  <testcase name="test11" classname="ds.RandoopTest.Randoop0" time="0.001"/>
  <testcase name="test12" classname="ds.RandoopTest.Randoop0" time="0.001"/>
  <testcase name="test13" classname="ds.RandoopTest.Randoop0" time="0.001"/>
  <testcase name="test14" classname="ds.RandoopTest.Randoop0" time="0.001"/>
  <testcase name="test15" classname="ds.RandoopTest.Randoop0" time="0.001"/>
  <testcase name="test16" classname="ds.RandoopTest.Randoop0" time="0.005"/>
  <testcase name="test17" classname="ds.RandoopTest.Randoop0" time="0.001"/>
  <testcase name="test18" classname="ds.RandoopTest.Randoop0" time="0.001"/>
  <testcase name="test19" classname="ds.RandoopTest.Randoop0" time="0.001"/>
  <testcase name="test20" classname="ds.RandoopTest.Randoop0" time="0.001"/>
  <testcase name="test21" classname="ds.RandoopTest.Randoop0" time="0.001"/>
  <testcase name="test22" classname="ds.RandoopTest.Randoop0" time="0.001"/>
  <testcase name="test23" classname="ds.RandoopTest.Randoop0" time="0.001"/>
  <testcase name="test24" classname="ds.RandoopTest.Randoop0" time="0.001"/>
  <testcase name="test25" classname="ds.RandoopTest.Randoop0" time="0.001"/>
  <testcase name="test26" classname="ds.RandoopTest.Randoop0" time="0"/>
  <testcase name="test27" classname="ds.RandoopTest.Randoop0" time="0.001"/>
  <testcase name="test28" classname="ds.RandoopTest.Randoop0" time="0.001"/>
  <testcase name="test29" classname="ds.RandoopTest.Randoop0" time="0.001"/>
  <testcase name="test30" classname="ds.RandoopTest.Randoop0" time="0.001"/>
  <testcase name="test31" classname="ds.RandoopTest.Randoop0" time="0.001"/>
  <testcase name="test32" classname="ds.RandoopTest.Randoop0" time="0.001"/>
  <testcase name="test33" classname="ds.RandoopTest.Randoop0" time="0.001"/>
  <testcase name="test34" classname="ds.RandoopTest.Randoop0" time="0.001"/>
  <testcase name="test35" classname="ds.RandoopTest.Randoop0" time="0.001"/>
  <testcase name="test36" classname="ds.RandoopTest.Randoop0" time="0.001"/>
  <testcase name="test37" classname="ds.RandoopTest.Randoop0" time="0.001"/>
  <testcase name="test38" classname="ds.RandoopTest.Randoop0" time="0.001"/>
  <testcase name="test39" classname="ds.RandoopTest.Randoop0" time="0.001"/>
  <testcase name="test40" classname="ds.RandoopTest.Randoop0" time="0.001"/>
  <testcase name="test41" classname="ds.RandoopTest.Randoop0" time="0.004"/>
  <testcase name="test42" classname="ds.RandoopTest.Randoop0" time="0"/>
  <testcase name="test43" classname="ds.RandoopTest.Randoop0" time="0"/>
  <testcase name="test44" classname="ds.RandoopTest.Randoop0" time="0.001"/>
  <testcase name="test45" classname="ds.RandoopTest.Randoop0" time="0.001"/>
  <testcase name="test46" classname="ds.RandoopTest.Randoop0" time="0"/>
  <testcase name="test47" classname="ds.RandoopTest.Randoop0" time="0.001"/>
  <testcase name="test48" classname="ds.RandoopTest.Randoop0" time="0.017"/>
  <testcase name="test49" classname="ds.RandoopTest.Randoop0" time="0"/>
  <testcase name="test50" classname="ds.RandoopTest.Randoop0" time="0"/>
  <testcase name="test51" classname="ds.RandoopTest.Randoop0" time="0"/>
  <testcase name="test52" classname="ds.RandoopTest.Randoop0" time="0"/>
  <testcase name="test53" classname="ds.RandoopTest.Randoop0" time="0"/>
  <testcase name="test54" classname="ds.RandoopTest.Randoop0" time="0"/>
  <testcase name="test55" classname="ds.RandoopTest.Randoop0" time="0"/>
  <testcase name="test56" classname="ds.RandoopTest.Randoop0" time="0"/>
  <testcase name="test57" classname="ds.RandoopTest.Randoop0" time="0"/>
  <testcase name="test58" classname="ds.RandoopTest.Randoop0" time="0"/>
  <testcase name="test59" classname="ds.RandoopTest.Randoop0" time="0"/>
  <testcase name="test60" classname="ds.RandoopTest.Randoop0" time="0"/>
</testsuite>