<?xml version="1.0" encoding="UTF-8"?>
<testsuite xmlns:xsi="http://www.w3.org/2001/XMLSchema-instance" xsi:schemaLocation="https://maven.apache.org/surefire/maven-surefire-plugin/xsd/surefire-test-report.xsd" name="ds.RandoopTest.ErrorTest" time="0.235" tests="4" errors="4" skipped="0" failures="0">
  <properties>
[...]
</properties>
  <testcase name="test1" classname="ds.RandoopTest.ErrorTest0" time="0.045">
    <error type="java.lang.NullPointerException">java.lang.NullPointerException
	at ds.RandoopTest.ErrorTest0.test1(ErrorTest0.java:26)
</error>
    <system-out><![CDATA[Vertice 0:
  35 (0)
Vertice 1:
Vertice 2:
Vertice 3:
Vertice 4:
Vertice 5:
Vertice 6:
Vertice 7:
Vertice 8:
Vertice 9:
Vertice 10:
Vertice 11:
Vertice 12:
Vertice 13:
Vertice 14:
Vertice 15:
Vertice 16:
Vertice 17:
Vertice 18:
Vertice 19:
Vertice 20:
Vertice 21:
Vertice 22:
Vertice 23:
Vertice 24:
Vertice 25:
Vertice 26:
Vertice 27:
Vertice 28:
Vertice 29:
Vertice 30:
Vertice 31:
Vertice 32:
  35 (32)
Vertice 33:
Vertice 34:
Vertice 35:
Vertice 36:
Vertice 37:
Vertice 38:
Vertice 39:
Vertice 40:
Vertice 41:
Vertice 42:
Vertice 43:
Vertice 44:
Vertice 45:
Vertice 46:
Vertice 47:
Vertice 48:
Vertice 49:
Vertice 50:
Vertice 51:
Vertice 52:
Vertice 53:
Vertice 54:
Vertice 55:
Vertice 56:
Vertice 57:
Vertice 58:
Vertice 59:
Vertice 60:
Vertice 61:
Vertice 62:
Vertice 63:
Vertice 64:
Vertice 65:
Vertice 66:
Vertice 67:
Vertice 68:
Vertice 69:
Vertice 70:
Vertice 71:
Vertice 72:
Vertice 73:
Vertice 74:
Vertice 75:
Vertice 76:
Vertice 77:
Vertice 78:
Vertice 79:
Vertice 80:
Vertice 81:
Vertice 82:
Vertice 83:
Vertice 84:
Vertice 85:
Vertice 86:
Vertice 87:
Vertice 88:
Vertice 89:
Vertice 90:
Vertice 91:
Vertice 92:
Vertice 93:
Vertice 94:
Vertice 95:
Vertice 96:
Vertice 97:
Vertice 98:
Vertice 99:
Vertice 0:
  35 (0)
Vertice 1:
Vertice 2:
Vertice 3:
Vertice 4:
Vertice 5:
Vertice 6:
Vertice 7:
Vertice 8:
Vertice 9:
Vertice 10:
Vertice 11:
Vertice 12:
Vertice 13:
Vertice 14:
Vertice 15:
Vertice 16:
Vertice 17:
Vertice 18:
Vertice 19:
Vertice 20:
Vertice 21:
Vertice 22:
Vertice 23:
Vertice 24:
Vertice 25:
Vertice 26:
Vertice 27:
Vertice 28:
Vertice 29:
Vertice 30:
Vertice 31:
Vertice 32:
  35 (32)
Vertice 33:
Vertice 34:
Vertice 35:
Vertice 36:
Vertice 37:
Vertice 38:
Vertice 39:
Vertice 40:
Vertice 41:
Vertice 42:
Vertice 43:
Vertice 44:
Vertice 45:
Vertice 46:
Vertice 47:
Vertice 48:
Vertice 49:
Vertice 50:
Vertice 51:
Vertice 52:
Vertice 53:
Vertice 54:
Vertice 55:
Vertice 56:
Vertice 57:
Vertice 58:
Vertice 59:
Vertice 60:
Vertice 61:
Vertice 62:
Vertice 63:
Vertice 64:
Vertice 65:
Vertice 66:
Vertice 67:
Vertice 68:
Vertice 69:
Vertice 70:
Vertice 71:
Vertice 72:
Vertice 73:
Vertice 74:
Vertice 75:
Vertice 76:
Vertice 77:
Vertice 78:
Vertice 79:
Vertice 80:
Vertice 81:
Vertice 82:
Vertice 83:
Vertice 84:
Vertice 85:
Vertice 86:
Vertice 87:
Vertice 88:
Vertice 89:
Vertice 90:
Vertice 91:
Vertice 92:
Vertice 93:
Vertice 94:
Vertice 95:
Vertice 96:
Vertice 97:
Vertice 98:
Vertice 99:
]]></system-out>
  </testcase>
  <testcase name="test2" classname="ds.RandoopTest.ErrorTest0" time="0">
    <error type="java.lang.NullPointerException">java.lang.NullPointerException
	at ds.RandoopTest.ErrorTest0.test2(ErrorTest0.java:41)
</error>
  </testcase>
  <testcase name="test3" classname="ds.RandoopTest.ErrorTest0" time="0.019">
    <error type="java.lang.NullPointerException">java.lang.NullPointerException
	at ds.RandoopTest.ErrorTest0.test3(ErrorTest0.java:57)
</error>
    <system-out><![CDATA[Vertice 0:
Vertice 1:
Vertice 2:
Vertice 3:
Vertice 4:
Vertice 5:
Vertice 6:
Vertice 7:
Vertice 8:
Vertice 9:
Vertice 10:
Vertice 11:
Vertice 12:
Vertice 13:
Vertice 14:
Vertice 15:
Vertice 16:
Vertice 17:
Vertice 18:
Vertice 19:
Vertice 20:
Vertice 21:
Vertice 22:
Vertice 23:
Vertice 24:
Vertice 25:
Vertice 26:
Vertice 27:
Vertice 28:
Vertice 29:
Vertice 30:
Vertice 31:
Vertice 32:
Vertice 33:
Vertice 34:
Vertice 35:
  32 (32)
  0 (0)
Vertice 36:
Vertice 37:
Vertice 38:
Vertice 39:
Vertice 40:
Vertice 41:
Vertice 42:
Vertice 43:
Vertice 44:
Vertice 45:
Vertice 46:
Vertice 47:
Vertice 48:
Vertice 49:
Vertice 50:
Vertice 51:
Vertice 52:
Vertice 53:
Vertice 54:
Vertice 55:
Vertice 56:
Vertice 57:
Vertice 58:
Vertice 59:
Vertice 60:
Vertice 61:
Vertice 62:
Vertice 63:
Vertice 64:
Vertice 65:
Vertice 66:
Vertice 67:
Vertice 68:
Vertice 69:
Vertice 70:
Vertice 71:
Vertice 72:
Vertice 73:
Vertice 74:
Vertice 75:
Vertice 76:
Vertice 77:
Vertice 78:
Vertice 79:
Vertice 80:
Vertice 81:
Vertice 82:
Vertice 83:
Vertice 84:
Vertice 85:
Vertice 86:
Vertice 87:
Vertice 88:
Vertice 89:
Vertice 90:
Vertice 91:
Vertice 92:
Vertice 93:
Vertice 94:
Vertice 95:
Vertice 96:
Vertice 97:
Vertice 98:
Vertice 99:
Vertice 0:
Vertice 1:
Vertice 2:
Vertice 3:
Vertice 4:
Vertice 5:
Vertice 6:
Vertice 7:
Vertice 8:
Vertice 9:
Vertice 10:
  97 (32)
Vertice 11:
Vertice 12:
Vertice 13:
Vertice 14:
Vertice 15:
Vertice 16:
Vertice 17:
Vertice 18:
Vertice 19:
Vertice 20:
Vertice 21:
Vertice 22:
Vertice 23:
Vertice 24:
Vertice 25:
Vertice 26:
Vertice 27:
Vertice 28:
Vertice 29:
Vertice 30:
Vertice 31:
Vertice 32:
Vertice 33:
Vertice 34:
Vertice 35:
  32 (32)
  0 (0)
Vertice 36:
Vertice 37:
Vertice 38:
Vertice 39:
Vertice 40:
Vertice 41:
Vertice 42:
Vertice 43:
Vertice 44:
Vertice 45:
Vertice 46:
Vertice 47:
Vertice 48:
Vertice 49:
Vertice 50:
Vertice 51:
Vertice 52:
Vertice 53:
Vertice 54:
Vertice 55:
Vertice 56:
Vertice 57:
Vertice 58:
Vertice 59:
Vertice 60:
Vertice 61:
Vertice 62:
Vertice 63:
Vertice 64:
Vertice 65:
Vertice 66:
Vertice 67:
Vertice 68:
Vertice 69:
Vertice 70:
Vertice 71:
Vertice 72:
Vertice 73:
Vertice 74:
Vertice 75:
Vertice 76:
Vertice 77:
Vertice 78:
Vertice 79:
Vertice 80:
Vertice 81:
Vertice 82:
Vertice 83:
Vertice 84:
Vertice 85:
Vertice 86:
Vertice 87:
Vertice 88:
Vertice 89:
Vertice 90:
Vertice 91:
Vertice 92:
Vertice 93:
Vertice 94:
Vertice 95:
Vertice 96:
Vertice 97:
Vertice 98:
Vertice 99:
]]></system-out>
  </testcase>
  <testcase name="test4" classname="ds.RandoopTest.ErrorTest0" time="0.002">
    <error type="java.lang.NullPointerException">java.lang.NullPointerException
	at ds.RandoopTest.ErrorTest0.test4(ErrorTest0.java:70)
</error>
    <system-out><![CDATA[Vertice 0:
Vertice 1:
Vertice 2:
Vertice 3:
Vertice 4:
Vertice 5:
Vertice 6:
Vertice 7:
Vertice 8:
Vertice 9:
Vertice 10:
Vertice 11:
Vertice 12:
Vertice 13:
Vertice 14:
Vertice 15:
Vertice 16:
Vertice 17:
Vertice 18:
Vertice 19:
Vertice 20:
Vertice 21:
Vertice 22:
Vertice 23:
Vertice 24:
Vertice 25:
Vertice 26:
Vertice 27:
Vertice 28:
Vertice 29:
Vertice 30:
Vertice 31:
Vertice 32:
Vertice 33:
Vertice 34:
Vertice 35:
  32 (32)
  0 (0)
Vertice 36:
Vertice 37:
Vertice 38:
Vertice 39:
Vertice 40:
Vertice 41:
Vertice 42:
Vertice 43:
Vertice 44:
Vertice 45:
Vertice 46:
Vertice 47:
Vertice 48:
Vertice 49:
Vertice 50:
Vertice 51:
Vertice 52:
Vertice 53:
Vertice 54:
Vertice 55:
Vertice 56:
Vertice 57:
Vertice 58:
Vertice 59:
Vertice 60:
Vertice 61:
Vertice 62:
Vertice 63:
Vertice 64:
Vertice 65:
Vertice 66:
Vertice 67:
Vertice 68:
Vertice 69:
Vertice 70:
Vertice 71:
Vertice 72:
Vertice 73:
Vertice 74:
Vertice 75:
Vertice 76:
Vertice 77:
Vertice 78:
Vertice 79:
Vertice 80:
Vertice 81:
Vertice 82:
Vertice 83:
Vertice 84:
Vertice 85:
Vertice 86:
Vertice 87:
Vertice 88:
Vertice 89:
Vertice 90:
Vertice 91:
Vertice 92:
Vertice 93:
Vertice 94:
Vertice 95:
Vertice 96:
Vertice 97:
Vertice 98:
Vertice 99:
]]></system-out>
  </testcase>
</testsuite>